<?xml version="1.0" encoding="UTF-8"?>
<!-- Generated by org.testng.reporters.JUnitXMLReporter -->
<testsuite ignored="0" hostname="RAHUL" failures="0" tests="3" name="Test" time="10.428" errors="0" timestamp="2024-01-31T14:04:54 IST">
  <testcase classname="genericUtilities.BaseClass" name="@BeforeMethod methodSetUp" time="2.532">
    <failure type="java.lang.AssertionError" message="expected [Home] but found []">
      <![CDATA[java.lang.AssertionError: expected [Home] but found []
at genericUtilities.BaseClass.methodSetUp(BaseClass.java:76)
at java.base/java.util.ArrayList.forEach(ArrayList.java:1511)
... Removed 37 stack frames]]>
    </failure>
  </testcase> <!-- @BeforeMethod methodSetUp -->
  <testcase classname="genericUtilities.BaseClass" name="@AfterMethod methodTearDown" time="0.0">
    <skipped/>
  </testcase> <!-- @AfterMethod methodTearDown -->
  <testcase classname="genericUtilities.BaseClass" name="@AfterClass classTearDown" time="0.0">
    <skipped/>
  </testcase> <!-- @AfterClass classTearDown -->
  <testcase classname="genericUtilities.BaseClass" name="@BeforeMethod methodSetUp" time="1.685">
    <failure type="java.lang.AssertionError" message="expected [Home] but found []">
      <![CDATA[java.lang.AssertionError: expected [Home] but found []
at genericUtilities.BaseClass.methodSetUp(BaseClass.java:76)
at java.base/java.util.ArrayList.forEach(ArrayList.java:1511)
... Removed 37 stack frames]]>
    </failure>
  </testcase> <!-- @BeforeMethod methodSetUp -->
  <testcase classname="genericUtilities.BaseClass" name="@AfterMethod methodTearDown" time="0.0">
    <skipped/>
  </testcase> <!-- @AfterMethod methodTearDown -->
  <testcase classname="genericUtilities.BaseClass" name="@AfterClass classTearDown" time="0.0">
    <skipped/>
  </testcase> <!-- @AfterClass classTearDown -->
  <testcase classname="genericUtilities.BaseClass" name="@BeforeMethod methodSetUp" time="1.385">
    <failure type="java.lang.AssertionError" message="expected [Home] but found []">
      <![CDATA[java.lang.AssertionError: expected [Home] but found []
at genericUtilities.BaseClass.methodSetUp(BaseClass.java:76)
at java.base/java.util.ArrayList.forEach(ArrayList.java:1511)
... Removed 37 stack frames]]>
    </failure>
  </testcase> <!-- @BeforeMethod methodSetUp -->
  <testcase classname="genericUtilities.BaseClass" name="@AfterMethod methodTearDown" time="0.0">
    <skipped/>
  </testcase> <!-- @AfterMethod methodTearDown -->
  <testcase classname="genericUtilities.BaseClass" name="@AfterClass classTearDown" time="0.0">
    <skipped/>
  </testcase> <!-- @AfterClass classTearDown -->
  <testcase classname="testScripts.AddCategoryPage" name="addCategoryTest" time="0.0">
    <skipped/>
  </testcase> <!-- addCategoryTest -->
  <testcase classname="testScripts.AddCourseTest" name="addCourseTest" time="0.0">
    <skipped/>
  </testcase> <!-- addCourseTest -->
  <testcase classname="testScripts.AddUserTest" name="addUserTest" time="0.0">
    <skipped/>
  </testcase> <!-- addUserTest -->
</testsuite> <!-- Test -->
